\BOOKMARK [0][-]{spisTresci.1.0}{\376\377\000S\000p\000i\000s\000\040\000t\000r\000e\001\133\000c\000i}{}% 1
\BOOKMARK [0][-]{spisRysunkow.1.0}{\376\377\000S\000p\000i\000s\000\040\000r\000y\000s\000u\000n\000k\000\363\000w}{}% 2
\BOOKMARK [0][-]{spisTabel.1.0}{\376\377\000S\000p\000i\000s\000\040\000t\000a\000b\000e\000l}{}% 3
\BOOKMARK [0][-]{skroty.1.0}{\376\377\000S\000k\000r\000\363\000t\000y}{}% 4
\BOOKMARK [0][-]{chapter.1}{\376\377\000W\000s\000t\001\031\000p}{}% 5
\BOOKMARK [1][-]{section.1.1}{\376\377\000C\000e\000l\000\040\000p\000r\000o\000j\000e\000k\000t\000u}{chapter.1}% 6
\BOOKMARK [1][-]{section.1.2}{\376\377\000Z\000a\000k\000r\000e\000s\000\040\000p\000r\000o\000j\000e\000k\000t\000u}{chapter.1}% 7
\BOOKMARK [1][-]{section.1.3}{\376\377\000U\000k\001\102\000a\000d\000\040\000p\000r\000a\000c\000y}{chapter.1}% 8
\BOOKMARK [0][-]{chapter.2}{\376\377\000Z\000a\000s\000a\000d\000y\000\040\000g\000r\000y}{}% 9
\BOOKMARK [1][-]{section.2.1}{\376\377\000Z\000l\000e\000c\000e\000n\000i\000a}{chapter.2}% 10
\BOOKMARK [1][-]{section.2.2}{\376\377\000L\000o\000k\000a\000l\000i\000z\000a\000c\000j\000a\000\040\000g\000r\000a\000c\000z\000a}{chapter.2}% 11
\BOOKMARK [1][-]{section.2.3}{\376\377\000P\000u\000n\000k\000t\000a\000c\000j\000a}{chapter.2}% 12
\BOOKMARK [1][-]{section.2.4}{\376\377\000R\000e\000j\000e\000s\000t\000r\000a\000c\000j\000a\000\040\000d\000o\000\040\000g\000r\000y}{chapter.2}% 13
\BOOKMARK [1][-]{section.2.5}{\376\377\000S\001\102\000o\000w\000n\000i\000k\000\040\000p\000o\000j\001\031\001\007}{chapter.2}% 14
\BOOKMARK [0][-]{chapter.3}{\376\377\000A\000n\000a\000l\000i\000z\000a\000\040\000w\000y\000m\000a\000g\000a\001\104\000\040\000s\000y\000s\000t\000e\000m\000u}{}% 15
\BOOKMARK [1][-]{section.3.1}{\376\377\000W\000y\000m\000a\000g\000a\000n\000i\000a\000\040\000f\000u\000n\000k\000c\000j\000o\000n\000a\000l\000n\000e}{chapter.3}% 16
\BOOKMARK [2][-]{subsection.3.1.1}{\376\377\000A\000p\000l\000i\000k\000a\000c\000j\000a\000\040\000k\000l\000i\000e\000n\000c\000k\000a}{section.3.1}% 17
\BOOKMARK [2][-]{subsection.3.1.2}{\376\377\000A\000p\000l\000i\000k\000a\000c\000j\000a\000\040\000s\000e\000r\000w\000e\000r\000o\000w\000a}{section.3.1}% 18
\BOOKMARK [2][-]{subsection.3.1.3}{\376\377\000P\000a\000n\000e\000l\000\040\000a\000d\000m\000i\000n\000i\000s\000t\000r\000a\000c\000y\000j\000n\000y}{section.3.1}% 19
\BOOKMARK [1][-]{section.3.2}{\376\377\000W\000y\000m\000a\000g\000a\000n\000i\000a\000\040\000n\000i\000e\000f\000u\000n\000k\000c\000j\000o\000n\000a\000l\000n\000e}{chapter.3}% 20
\BOOKMARK [1][-]{section.3.3}{\376\377\000K\000o\000n\000f\000i\000g\000u\000r\000o\000w\000a\000l\000n\000e\000\040\000p\000a\000r\000a\000m\000e\000t\000r\000y\000\040\000s\000y\000s\000t\000e\000m\000u}{chapter.3}% 21
\BOOKMARK [0][-]{chapter.4}{\376\377\000P\000r\000o\000j\000e\000k\000t\000\040\000s\000y\000s\000t\000e\000m\000u}{}% 22
\BOOKMARK [1][-]{section.4.1}{\376\377\000A\000r\000c\000h\000i\000t\000e\000k\000t\000u\000r\000a\000\040\000s\000y\000s\000t\000e\000m\000u}{chapter.4}% 23
\BOOKMARK [1][-]{section.4.2}{\376\377\000P\000r\000z\000y\000p\000a\000d\000k\000i\000\040\000u\001\174\000y\000c\000i\000a}{chapter.4}% 24
\BOOKMARK [1][-]{section.4.3}{\376\377\000P\000r\000o\000j\000e\000k\000t\000\040\000i\000n\000t\000e\000r\000f\000e\000j\000s\000u}{chapter.4}% 25
\BOOKMARK [2][-]{subsection.4.3.1}{\376\377\000A\000p\000l\000i\000k\000a\000c\000j\000a\000\040\000k\000l\000i\000e\000n\000c\000k\000a}{section.4.3}% 26
\BOOKMARK [2][-]{subsection.4.3.2}{\376\377\000P\000a\000n\000e\000l\000\040\000a\000d\000m\000i\000n\000i\000s\000t\000r\000a\000c\000y\000j\000n\000y}{section.4.3}% 27
\BOOKMARK [1][-]{section.4.4}{\376\377\000P\000r\000o\000j\000e\000k\000t\000\040\000b\000a\000z\000y\000\040\000d\000a\000n\000y\000c\000h}{chapter.4}% 28
\BOOKMARK [1][-]{section.4.5}{\376\377\000P\000r\000o\000t\000o\000k\000\363\001\102\000\040\000k\000o\000m\000u\000n\000i\000k\000a\000c\000j\000i\000\040\000w\000\040\000s\000y\000s\000t\000e\000m\000i\000e}{chapter.4}% 29
\BOOKMARK [0][-]{chapter.5}{\376\377\000I\000m\000p\000l\000e\000m\000e\000n\000t\000a\000c\000j\000a\000\040\000s\000y\000s\000t\000e\000m\000u}{}% 30
\BOOKMARK [1][-]{section.5.1}{\376\377\000A\000p\000l\000i\000k\000a\000c\000j\000a\000\040\000k\000l\000i\000e\000n\000c\000k\000a}{chapter.5}% 31
\BOOKMARK [2][-]{subsection.5.1.1}{\376\377\000S\000t\000r\000u\000k\000t\000u\000r\000a\000\040\000p\000r\000o\000j\000e\000k\000t\000u}{section.5.1}% 32
\BOOKMARK [2][-]{subsection.5.1.2}{\376\377\000W\000y\000k\000o\000r\000z\000y\000s\000t\000a\000n\000e\000\040\000t\000e\000c\000h\000n\000o\000l\000o\000g\000i\000e\000\040\000i\000\040\000b\000i\000b\000l\000i\000o\000t\000e\000k\000i}{section.5.1}% 33
\BOOKMARK [2][-]{subsection.5.1.3}{\376\377\000I\000n\000t\000e\000r\000f\000e\000j\000s\000\040\000u\001\174\000y\000t\000k\000o\000w\000n\000i\000k\000a}{section.5.1}% 34
\BOOKMARK [1][-]{section.5.2}{\376\377\000A\000p\000l\000i\000k\000a\000c\000j\000a\000\040\000s\000e\000r\000w\000e\000r\000o\000w\000a}{chapter.5}% 35
\BOOKMARK [2][-]{subsection.5.2.1}{\376\377\000S\000t\000r\000u\000k\000t\000u\000r\000a\000\040\000p\000r\000o\000j\000e\000k\000t\000u}{section.5.2}% 36
\BOOKMARK [2][-]{subsection.5.2.2}{\376\377\000W\000y\000k\000o\000r\000z\000y\000s\000t\000a\000n\000e\000\040\000t\000e\000c\000h\000n\000o\000l\000o\000g\000i\000e\000\040\000i\000\040\000b\000i\000b\000l\000i\000o\000t\000e\000k\000i}{section.5.2}% 37
\BOOKMARK [2][-]{subsection.5.2.3}{\376\377\000B\000e\000z\000p\000i\000e\000c\000z\000e\001\104\000s\000t\000w\000o}{section.5.2}% 38
\BOOKMARK [2][-]{subsection.5.2.4}{\376\377\000A\000u\000t\000o\000m\000a\000t\000y\000z\000a\000c\000j\000a\000\040\000d\000z\000i\000a\001\102\000a\000n\000i\000a\000\040\000s\000y\000s\000t\000e\000m\000u}{section.5.2}% 39
\BOOKMARK [1][-]{section.5.3}{\376\377\000W\000y\000k\000o\000r\000z\000y\000s\000t\000y\000w\000a\000n\000e\000\040\000t\000e\000c\000h\000n\000o\000l\000o\000g\000i\000e\000\040\000i\000\040\000n\000a\000r\000z\001\031\000d\000z\000i\000a}{chapter.5}% 40
\BOOKMARK [0][-]{section*.3}{\376\377\000L\000i\000t\000e\000r\000a\000t\000u\000r\000a}{}% 41
\BOOKMARK [0][-]{appendix.A}{\376\377\000T\000y\000t\000u\001\102\000\040\000d\000o\000d\000a\000t\000k\000u}{}% 42
\BOOKMARK [0][-]{appendix.B}{\376\377\000O\000p\000i\000s\000\040\000z\000a\001\102\001\005\000c\000z\000o\000n\000e\000j\000\040\000p\001\102\000y\000t\000y\000\040\000C\000D\000/\000D\000V\000D}{}% 43
